<?xml version="1.0" encoding="UTF-8"?>
<testsuite xmlns:xsi="http://www.w3.org/2001/XMLSchema-instance" xsi:noNamespaceSchemaLocation="https://maven.apache.org/surefire/maven-surefire-plugin/xsd/surefire-test-report-3.0.xsd" version="3.0" name="com.yl.videoplatformbackend.VideoPlatformBackendApplicationTests" time="5.145" tests="1" errors="0" skipped="0" failures="0">
  <properties>
    <property name="java.specification.version" value="21"/>
    <property name="sun.cpu.isalist" value="amd64"/>
    <property name="sun.jnu.encoding" value="GBK"/>
    <property name="java.class.path" value="K:\codes\video-platform-backend\target\test-classes;K:\codes\video-platform-backend\target\classes;K:\Tool\apache-maven-3.9.9\repo\org\springframework\boot\spring-boot-starter-websocket\3.4.0\spring-boot-starter-websocket-3.4.0.jar;K:\Tool\apache-maven-3.9.9\repo\org\springframework\spring-messaging\6.2.0\spring-messaging-6.2.0.jar;K:\Tool\apache-maven-3.9.9\repo\org\springframework\spring-beans\6.2.0\spring-beans-6.2.0.jar;K:\Tool\apache-maven-3.9.9\repo\org\springframework\spring-websocket\6.2.0\spring-websocket-6.2.0.jar;K:\Tool\apache-maven-3.9.9\repo\org\springframework\spring-context\6.2.0\spring-context-6.2.0.jar;K:\Tool\apache-maven-3.9.9\repo\org\redisson\redisson-spring-boot-starter\3.40.0\redisson-spring-boot-starter-3.40.0.jar;K:\Tool\apache-maven-3.9.9\repo\org\springframework\boot\spring-boot-starter-data-redis\3.4.0\spring-boot-starter-data-redis-3.4.0.jar;K:\Tool\apache-maven-3.9.9\repo\org\springframework\data\spring-data-redis\3.4.0\spring-data-redis-3.4.0.jar;K:\Tool\apache-maven-3.9.9\repo\org\springframework\data\spring-data-keyvalue\3.4.0\spring-data-keyvalue-3.4.0.jar;K:\Tool\apache-maven-3.9.9\repo\org\springframework\data\spring-data-commons\3.4.0\spring-data-commons-3.4.0.jar;K:\Tool\apache-maven-3.9.9\repo\org\springframework\spring-tx\6.2.0\spring-tx-6.2.0.jar;K:\Tool\apache-maven-3.9.9\repo\org\springframework\spring-oxm\6.2.0\spring-oxm-6.2.0.jar;K:\Tool\apache-maven-3.9.9\repo\org\redisson\redisson\3.40.0\redisson-3.40.0.jar;K:\Tool\apache-maven-3.9.9\repo\io\netty\netty-common\4.1.115.Final\netty-common-4.1.115.Final.jar;K:\Tool\apache-maven-3.9.9\repo\io\netty\netty-codec\4.1.115.Final\netty-codec-4.1.115.Final.jar;K:\Tool\apache-maven-3.9.9\repo\io\netty\netty-buffer\4.1.115.Final\netty-buffer-4.1.115.Final.jar;K:\Tool\apache-maven-3.9.9\repo\io\netty\netty-transport\4.1.115.Final\netty-transport-4.1.115.Final.jar;K:\Tool\apache-maven-3.9.9\repo\io\netty\netty-resolver\4.1.115.Final\netty-resolver-4.1.115.Final.jar;K:\Tool\apache-maven-3.9.9\repo\io\netty\netty-resolver-dns\4.1.115.Final\netty-resolver-dns-4.1.115.Final.jar;K:\Tool\apache-maven-3.9.9\repo\io\netty\netty-codec-dns\4.1.115.Final\netty-codec-dns-4.1.115.Final.jar;K:\Tool\apache-maven-3.9.9\repo\io\netty\netty-handler\4.1.115.Final\netty-handler-4.1.115.Final.jar;K:\Tool\apache-maven-3.9.9\repo\io\netty\netty-transport-native-unix-common\4.1.115.Final\netty-transport-native-unix-common-4.1.115.Final.jar;K:\Tool\apache-maven-3.9.9\repo\javax\cache\cache-api\1.1.1\cache-api-1.1.1.jar;K:\Tool\apache-maven-3.9.9\repo\io\projectreactor\reactor-core\3.7.0\reactor-core-3.7.0.jar;K:\Tool\apache-maven-3.9.9\repo\org\reactivestreams\reactive-streams\1.0.4\reactive-streams-1.0.4.jar;K:\Tool\apache-maven-3.9.9\repo\io\reactivex\rxjava3\rxjava\3.1.9\rxjava-3.1.9.jar;K:\Tool\apache-maven-3.9.9\repo\com\esotericsoftware\kryo\5.6.2\kryo-5.6.2.jar;K:\Tool\apache-maven-3.9.9\repo\com\esotericsoftware\reflectasm\1.11.9\reflectasm-1.11.9.jar;K:\Tool\apache-maven-3.9.9\repo\com\esotericsoftware\minlog\1.3.1\minlog-1.3.1.jar;K:\Tool\apache-maven-3.9.9\repo\org\slf4j\slf4j-api\2.0.16\slf4j-api-2.0.16.jar;K:\Tool\apache-maven-3.9.9\repo\com\fasterxml\jackson\dataformat\jackson-dataformat-yaml\2.18.1\jackson-dataformat-yaml-2.18.1.jar;K:\Tool\apache-maven-3.9.9\repo\net\bytebuddy\byte-buddy\1.15.10\byte-buddy-1.15.10.jar;K:\Tool\apache-maven-3.9.9\repo\org\jodd\jodd-util\6.3.0\jodd-util-6.3.0.jar;K:\Tool\apache-maven-3.9.9\repo\org\redisson\redisson-spring-data-34\3.40.0\redisson-spring-data-34-3.40.0.jar;K:\Tool\apache-maven-3.9.9\repo\org\springframework\boot\spring-boot-starter-mail\3.4.0\spring-boot-starter-mail-3.4.0.jar;K:\Tool\apache-maven-3.9.9\repo\org\springframework\boot\spring-boot-starter\3.4.0\spring-boot-starter-3.4.0.jar;K:\Tool\apache-maven-3.9.9\repo\org\springframework\boot\spring-boot-starter-logging\3.4.0\spring-boot-starter-logging-3.4.0.jar;K:\Tool\apache-maven-3.9.9\repo\ch\qos\logback\logback-classic\1.5.12\logback-classic-1.5.12.jar;K:\Tool\apache-maven-3.9.9\repo\ch\qos\logback\logback-core\1.5.12\logback-core-1.5.12.jar;K:\Tool\apache-maven-3.9.9\repo\org\apache\logging\log4j\log4j-to-slf4j\2.24.1\log4j-to-slf4j-2.24.1.jar;K:\Tool\apache-maven-3.9.9\repo\org\apache\logging\log4j\log4j-api\2.24.1\log4j-api-2.24.1.jar;K:\Tool\apache-maven-3.9.9\repo\org\slf4j\jul-to-slf4j\2.0.16\jul-to-slf4j-2.0.16.jar;K:\Tool\apache-maven-3.9.9\repo\jakarta\annotation\jakarta.annotation-api\2.1.1\jakarta.annotation-api-2.1.1.jar;K:\Tool\apache-maven-3.9.9\repo\org\yaml\snakeyaml\2.3\snakeyaml-2.3.jar;K:\Tool\apache-maven-3.9.9\repo\org\springframework\spring-context-support\6.2.0\spring-context-support-6.2.0.jar;K:\Tool\apache-maven-3.9.9\repo\org\eclipse\angus\jakarta.mail\2.0.3\jakarta.mail-2.0.3.jar;K:\Tool\apache-maven-3.9.9\repo\jakarta\activation\jakarta.activation-api\2.1.3\jakarta.activation-api-2.1.3.jar;K:\Tool\apache-maven-3.9.9\repo\org\eclipse\angus\angus-activation\2.0.2\angus-activation-2.0.2.jar;K:\Tool\apache-maven-3.9.9\repo\org\springframework\boot\spring-boot-configuration-processor\3.4.0\spring-boot-configuration-processor-3.4.0.jar;K:\Tool\apache-maven-3.9.9\repo\com\fasterxml\jackson\datatype\jackson-datatype-jsr310\2.18.1\jackson-datatype-jsr310-2.18.1.jar;K:\Tool\apache-maven-3.9.9\repo\com\fasterxml\jackson\core\jackson-annotations\2.18.1\jackson-annotations-2.18.1.jar;K:\Tool\apache-maven-3.9.9\repo\com\fasterxml\jackson\core\jackson-core\2.18.1\jackson-core-2.18.1.jar;K:\Tool\apache-maven-3.9.9\repo\com\fasterxml\jackson\core\jackson-databind\2.18.1\jackson-databind-2.18.1.jar;K:\Tool\apache-maven-3.9.9\repo\com\auth0\java-jwt\4.4.0\java-jwt-4.4.0.jar;K:\Tool\apache-maven-3.9.9\repo\com\baomidou\mybatis-plus-spring-boot3-starter\3.5.9\mybatis-plus-spring-boot3-starter-3.5.9.jar;K:\Tool\apache-maven-3.9.9\repo\com\baomidou\mybatis-plus\3.5.9\mybatis-plus-3.5.9.jar;K:\Tool\apache-maven-3.9.9\repo\com\baomidou\mybatis-plus-core\3.5.9\mybatis-plus-core-3.5.9.jar;K:\Tool\apache-maven-3.9.9\repo\com\baomidou\mybatis-plus-annotation\3.5.9\mybatis-plus-annotation-3.5.9.jar;K:\Tool\apache-maven-3.9.9\repo\com\baomidou\mybatis-plus-spring\3.5.9\mybatis-plus-spring-3.5.9.jar;K:\Tool\apache-maven-3.9.9\repo\com\baomidou\mybatis-plus-extension\3.5.9\mybatis-plus-extension-3.5.9.jar;K:\Tool\apache-maven-3.9.9\repo\org\mybatis\mybatis\3.5.16\mybatis-3.5.16.jar;K:\Tool\apache-maven-3.9.9\repo\org\mybatis\mybatis-spring\3.0.4\mybatis-spring-3.0.4.jar;K:\Tool\apache-maven-3.9.9\repo\com\baomidou\mybatis-plus-spring-boot-autoconfigure\3.5.9\mybatis-plus-spring-boot-autoconfigure-3.5.9.jar;K:\Tool\apache-maven-3.9.9\repo\org\springframework\boot\spring-boot-autoconfigure\3.4.0\spring-boot-autoconfigure-3.4.0.jar;K:\Tool\apache-maven-3.9.9\repo\org\springframework\boot\spring-boot-starter-jdbc\3.4.0\spring-boot-starter-jdbc-3.4.0.jar;K:\Tool\apache-maven-3.9.9\repo\com\zaxxer\HikariCP\5.1.0\HikariCP-5.1.0.jar;K:\Tool\apache-maven-3.9.9\repo\org\springframework\spring-jdbc\6.2.0\spring-jdbc-6.2.0.jar;K:\Tool\apache-maven-3.9.9\repo\org\springframework\boot\spring-boot-starter-web\3.4.0\spring-boot-starter-web-3.4.0.jar;K:\Tool\apache-maven-3.9.9\repo\org\springframework\boot\spring-boot-starter-json\3.4.0\spring-boot-starter-json-3.4.0.jar;K:\Tool\apache-maven-3.9.9\repo\com\fasterxml\jackson\datatype\jackson-datatype-jdk8\2.18.1\jackson-datatype-jdk8-2.18.1.jar;K:\Tool\apache-maven-3.9.9\repo\com\fasterxml\jackson\module\jackson-module-parameter-names\2.18.1\jackson-module-parameter-names-2.18.1.jar;K:\Tool\apache-maven-3.9.9\repo\org\springframework\boot\spring-boot-starter-tomcat\3.4.0\spring-boot-starter-tomcat-3.4.0.jar;K:\Tool\apache-maven-3.9.9\repo\org\apache\tomcat\embed\tomcat-embed-core\10.1.33\tomcat-embed-core-10.1.33.jar;K:\Tool\apache-maven-3.9.9\repo\org\apache\tomcat\embed\tomcat-embed-el\10.1.33\tomcat-embed-el-10.1.33.jar;K:\Tool\apache-maven-3.9.9\repo\org\apache\tomcat\embed\tomcat-embed-websocket\10.1.33\tomcat-embed-websocket-10.1.33.jar;K:\Tool\apache-maven-3.9.9\repo\org\springframework\spring-web\6.2.0\spring-web-6.2.0.jar;K:\Tool\apache-maven-3.9.9\repo\org\springframework\spring-webmvc\6.2.0\spring-webmvc-6.2.0.jar;K:\Tool\apache-maven-3.9.9\repo\org\springframework\spring-aop\6.2.0\spring-aop-6.2.0.jar;K:\Tool\apache-maven-3.9.9\repo\org\springframework\spring-expression\6.2.0\spring-expression-6.2.0.jar;K:\Tool\apache-maven-3.9.9\repo\org\springframework\boot\spring-boot-devtools\3.4.0\spring-boot-devtools-3.4.0.jar;K:\Tool\apache-maven-3.9.9\repo\org\springframework\boot\spring-boot\3.4.0\spring-boot-3.4.0.jar;K:\Tool\apache-maven-3.9.9\repo\com\mysql\mysql-connector-j\9.1.0\mysql-connector-j-9.1.0.jar;K:\Tool\apache-maven-3.9.9\repo\org\projectlombok\lombok\1.18.36\lombok-1.18.36.jar;K:\Tool\apache-maven-3.9.9\repo\org\springframework\boot\spring-boot-starter-test\3.4.0\spring-boot-starter-test-3.4.0.jar;K:\Tool\apache-maven-3.9.9\repo\org\springframework\boot\spring-boot-test\3.4.0\spring-boot-test-3.4.0.jar;K:\Tool\apache-maven-3.9.9\repo\org\springframework\boot\spring-boot-test-autoconfigure\3.4.0\spring-boot-test-autoconfigure-3.4.0.jar;K:\Tool\apache-maven-3.9.9\repo\com\jayway\jsonpath\json-path\2.9.0\json-path-2.9.0.jar;K:\Tool\apache-maven-3.9.9\repo\jakarta\xml\bind\jakarta.xml.bind-api\4.0.2\jakarta.xml.bind-api-4.0.2.jar;K:\Tool\apache-maven-3.9.9\repo\net\minidev\json-smart\2.5.1\json-smart-2.5.1.jar;K:\Tool\apache-maven-3.9.9\repo\net\minidev\accessors-smart\2.5.1\accessors-smart-2.5.1.jar;K:\Tool\apache-maven-3.9.9\repo\org\ow2\asm\asm\9.6\asm-9.6.jar;K:\Tool\apache-maven-3.9.9\repo\org\assertj\assertj-core\3.26.3\assertj-core-3.26.3.jar;K:\Tool\apache-maven-3.9.9\repo\org\awaitility\awaitility\4.2.2\awaitility-4.2.2.jar;K:\Tool\apache-maven-3.9.9\repo\org\hamcrest\hamcrest\2.2\hamcrest-2.2.jar;K:\Tool\apache-maven-3.9.9\repo\org\junit\jupiter\junit-jupiter\5.11.3\junit-jupiter-5.11.3.jar;K:\Tool\apache-maven-3.9.9\repo\org\junit\jupiter\junit-jupiter-api\5.11.3\junit-jupiter-api-5.11.3.jar;K:\Tool\apache-maven-3.9.9\repo\org\opentest4j\opentest4j\1.3.0\opentest4j-1.3.0.jar;K:\Tool\apache-maven-3.9.9\repo\org\junit\platform\junit-platform-commons\1.11.3\junit-platform-commons-1.11.3.jar;K:\Tool\apache-maven-3.9.9\repo\org\apiguardian\apiguardian-api\1.1.2\apiguardian-api-1.1.2.jar;K:\Tool\apache-maven-3.9.9\repo\org\junit\jupiter\junit-jupiter-params\5.11.3\junit-jupiter-params-5.11.3.jar;K:\Tool\apache-maven-3.9.9\repo\org\junit\jupiter\junit-jupiter-engine\5.11.3\junit-jupiter-engine-5.11.3.jar;K:\Tool\apache-maven-3.9.9\repo\org\junit\platform\junit-platform-engine\1.11.3\junit-platform-engine-1.11.3.jar;K:\Tool\apache-maven-3.9.9\repo\org\mockito\mockito-core\5.14.2\mockito-core-5.14.2.jar;K:\Tool\apache-maven-3.9.9\repo\net\bytebuddy\byte-buddy-agent\1.15.10\byte-buddy-agent-1.15.10.jar;K:\Tool\apache-maven-3.9.9\repo\org\objenesis\objenesis\3.3\objenesis-3.3.jar;K:\Tool\apache-maven-3.9.9\repo\org\mockito\mockito-junit-jupiter\5.14.2\mockito-junit-jupiter-5.14.2.jar;K:\Tool\apache-maven-3.9.9\repo\org\skyscreamer\jsonassert\1.5.3\jsonassert-1.5.3.jar;K:\Tool\apache-maven-3.9.9\repo\com\vaadin\external\google\android-json\0.0.20131108.vaadin1\android-json-0.0.20131108.vaadin1.jar;K:\Tool\apache-maven-3.9.9\repo\org\springframework\spring-core\6.2.0\spring-core-6.2.0.jar;K:\Tool\apache-maven-3.9.9\repo\org\springframework\spring-jcl\6.2.0\spring-jcl-6.2.0.jar;K:\Tool\apache-maven-3.9.9\repo\org\springframework\spring-test\6.2.0\spring-test-6.2.0.jar;K:\Tool\apache-maven-3.9.9\repo\org\xmlunit\xmlunit-core\2.10.0\xmlunit-core-2.10.0.jar;K:\Tool\apache-maven-3.9.9\repo\org\springframework\boot\spring-boot-starter-actuator\3.4.0\spring-boot-starter-actuator-3.4.0.jar;K:\Tool\apache-maven-3.9.9\repo\org\springframework\boot\spring-boot-actuator-autoconfigure\3.4.0\spring-boot-actuator-autoconfigure-3.4.0.jar;K:\Tool\apache-maven-3.9.9\repo\org\springframework\boot\spring-boot-actuator\3.4.0\spring-boot-actuator-3.4.0.jar;K:\Tool\apache-maven-3.9.9\repo\io\micrometer\micrometer-observation\1.14.1\micrometer-observation-1.14.1.jar;K:\Tool\apache-maven-3.9.9\repo\io\micrometer\micrometer-commons\1.14.1\micrometer-commons-1.14.1.jar;K:\Tool\apache-maven-3.9.9\repo\io\micrometer\micrometer-jakarta9\1.14.1\micrometer-jakarta9-1.14.1.jar;K:\Tool\apache-maven-3.9.9\repo\io\micrometer\micrometer-core\1.14.1\micrometer-core-1.14.1.jar;K:\Tool\apache-maven-3.9.9\repo\org\hdrhistogram\HdrHistogram\2.2.2\HdrHistogram-2.2.2.jar;K:\Tool\apache-maven-3.9.9\repo\org\latencyutils\LatencyUtils\2.0.3\LatencyUtils-2.0.3.jar;"/>
    <property name="java.vm.vendor" value="Amazon.com Inc."/>
    <property name="sun.arch.data.model" value="64"/>
    <property name="user.variant" value=""/>
    <property name="java.vendor.url" value="https://aws.amazon.com/corretto/"/>
    <property name="user.timezone" value="Asia/Shanghai"/>
    <property name="os.name" value="Windows 10"/>
    <property name="java.vm.specification.version" value="21"/>
    <property name="APPLICATION_NAME" value="video-platform-backend"/>
    <property name="sun.java.launcher" value="SUN_STANDARD"/>
    <property name="user.country" value="CN"/>
    <property name="sun.boot.library.path" value="K:\Tool\JDK\JDK21\bin"/>
    <property name="sun.java.command" value="C:\Users\Leon\AppData\Local\Temp\surefire5252132323440530475\surefirebooter5406251252693319944.jar C:\Users\Leon\AppData\Local\Temp\surefire5252132323440530475 2025-03-12T01-26-34_181-jvmRun1 surefire1070431487959735426tmp surefire_07694044177408710447tmp"/>
    <property name="jdk.debug" value="release"/>
    <property name="surefire.test.class.path" value="K:\codes\video-platform-backend\target\test-classes;K:\codes\video-platform-backend\target\classes;K:\Tool\apache-maven-3.9.9\repo\org\springframework\boot\spring-boot-starter-websocket\3.4.0\spring-boot-starter-websocket-3.4.0.jar;K:\Tool\apache-maven-3.9.9\repo\org\springframework\spring-messaging\6.2.0\spring-messaging-6.2.0.jar;K:\Tool\apache-maven-3.9.9\repo\org\springframework\spring-beans\6.2.0\spring-beans-6.2.0.jar;K:\Tool\apache-maven-3.9.9\repo\org\springframework\spring-websocket\6.2.0\spring-websocket-6.2.0.jar;K:\Tool\apache-maven-3.9.9\repo\org\springframework\spring-context\6.2.0\spring-context-6.2.0.jar;K:\Tool\apache-maven-3.9.9\repo\org\redisson\redisson-spring-boot-starter\3.40.0\redisson-spring-boot-starter-3.40.0.jar;K:\Tool\apache-maven-3.9.9\repo\org\springframework\boot\spring-boot-starter-data-redis\3.4.0\spring-boot-starter-data-redis-3.4.0.jar;K:\Tool\apache-maven-3.9.9\repo\org\springframework\data\spring-data-redis\3.4.0\spring-data-redis-3.4.0.jar;K:\Tool\apache-maven-3.9.9\repo\org\springframework\data\spring-data-keyvalue\3.4.0\spring-data-keyvalue-3.4.0.jar;K:\Tool\apache-maven-3.9.9\repo\org\springframework\data\spring-data-commons\3.4.0\spring-data-commons-3.4.0.jar;K:\Tool\apache-maven-3.9.9\repo\org\springframework\spring-tx\6.2.0\spring-tx-6.2.0.jar;K:\Tool\apache-maven-3.9.9\repo\org\springframework\spring-oxm\6.2.0\spring-oxm-6.2.0.jar;K:\Tool\apache-maven-3.9.9\repo\org\redisson\redisson\3.40.0\redisson-3.40.0.jar;K:\Tool\apache-maven-3.9.9\repo\io\netty\netty-common\4.1.115.Final\netty-common-4.1.115.Final.jar;K:\Tool\apache-maven-3.9.9\repo\io\netty\netty-codec\4.1.115.Final\netty-codec-4.1.115.Final.jar;K:\Tool\apache-maven-3.9.9\repo\io\netty\netty-buffer\4.1.115.Final\netty-buffer-4.1.115.Final.jar;K:\Tool\apache-maven-3.9.9\repo\io\netty\netty-transport\4.1.115.Final\netty-transport-4.1.115.Final.jar;K:\Tool\apache-maven-3.9.9\repo\io\netty\netty-resolver\4.1.115.Final\netty-resolver-4.1.115.Final.jar;K:\Tool\apache-maven-3.9.9\repo\io\netty\netty-resolver-dns\4.1.115.Final\netty-resolver-dns-4.1.115.Final.jar;K:\Tool\apache-maven-3.9.9\repo\io\netty\netty-codec-dns\4.1.115.Final\netty-codec-dns-4.1.115.Final.jar;K:\Tool\apache-maven-3.9.9\repo\io\netty\netty-handler\4.1.115.Final\netty-handler-4.1.115.Final.jar;K:\Tool\apache-maven-3.9.9\repo\io\netty\netty-transport-native-unix-common\4.1.115.Final\netty-transport-native-unix-common-4.1.115.Final.jar;K:\Tool\apache-maven-3.9.9\repo\javax\cache\cache-api\1.1.1\cache-api-1.1.1.jar;K:\Tool\apache-maven-3.9.9\repo\io\projectreactor\reactor-core\3.7.0\reactor-core-3.7.0.jar;K:\Tool\apache-maven-3.9.9\repo\org\reactivestreams\reactive-streams\1.0.4\reactive-streams-1.0.4.jar;K:\Tool\apache-maven-3.9.9\repo\io\reactivex\rxjava3\rxjava\3.1.9\rxjava-3.1.9.jar;K:\Tool\apache-maven-3.9.9\repo\com\esotericsoftware\kryo\5.6.2\kryo-5.6.2.jar;K:\Tool\apache-maven-3.9.9\repo\com\esotericsoftware\reflectasm\1.11.9\reflectasm-1.11.9.jar;K:\Tool\apache-maven-3.9.9\repo\com\esotericsoftware\minlog\1.3.1\minlog-1.3.1.jar;K:\Tool\apache-maven-3.9.9\repo\org\slf4j\slf4j-api\2.0.16\slf4j-api-2.0.16.jar;K:\Tool\apache-maven-3.9.9\repo\com\fasterxml\jackson\dataformat\jackson-dataformat-yaml\2.18.1\jackson-dataformat-yaml-2.18.1.jar;K:\Tool\apache-maven-3.9.9\repo\net\bytebuddy\byte-buddy\1.15.10\byte-buddy-1.15.10.jar;K:\Tool\apache-maven-3.9.9\repo\org\jodd\jodd-util\6.3.0\jodd-util-6.3.0.jar;K:\Tool\apache-maven-3.9.9\repo\org\redisson\redisson-spring-data-34\3.40.0\redisson-spring-data-34-3.40.0.jar;K:\Tool\apache-maven-3.9.9\repo\org\springframework\boot\spring-boot-starter-mail\3.4.0\spring-boot-starter-mail-3.4.0.jar;K:\Tool\apache-maven-3.9.9\repo\org\springframework\boot\spring-boot-starter\3.4.0\spring-boot-starter-3.4.0.jar;K:\Tool\apache-maven-3.9.9\repo\org\springframework\boot\spring-boot-starter-logging\3.4.0\spring-boot-starter-logging-3.4.0.jar;K:\Tool\apache-maven-3.9.9\repo\ch\qos\logback\logback-classic\1.5.12\logback-classic-1.5.12.jar;K:\Tool\apache-maven-3.9.9\repo\ch\qos\logback\logback-core\1.5.12\logback-core-1.5.12.jar;K:\Tool\apache-maven-3.9.9\repo\org\apache\logging\log4j\log4j-to-slf4j\2.24.1\log4j-to-slf4j-2.24.1.jar;K:\Tool\apache-maven-3.9.9\repo\org\apache\logging\log4j\log4j-api\2.24.1\log4j-api-2.24.1.jar;K:\Tool\apache-maven-3.9.9\repo\org\slf4j\jul-to-slf4j\2.0.16\jul-to-slf4j-2.0.16.jar;K:\Tool\apache-maven-3.9.9\repo\jakarta\annotation\jakarta.annotation-api\2.1.1\jakarta.annotation-api-2.1.1.jar;K:\Tool\apache-maven-3.9.9\repo\org\yaml\snakeyaml\2.3\snakeyaml-2.3.jar;K:\Tool\apache-maven-3.9.9\repo\org\springframework\spring-context-support\6.2.0\spring-context-support-6.2.0.jar;K:\Tool\apache-maven-3.9.9\repo\org\eclipse\angus\jakarta.mail\2.0.3\jakarta.mail-2.0.3.jar;K:\Tool\apache-maven-3.9.9\repo\jakarta\activation\jakarta.activation-api\2.1.3\jakarta.activation-api-2.1.3.jar;K:\Tool\apache-maven-3.9.9\repo\org\eclipse\angus\angus-activation\2.0.2\angus-activation-2.0.2.jar;K:\Tool\apache-maven-3.9.9\repo\org\springframework\boot\spring-boot-configuration-processor\3.4.0\spring-boot-configuration-processor-3.4.0.jar;K:\Tool\apache-maven-3.9.9\repo\com\fasterxml\jackson\datatype\jackson-datatype-jsr310\2.18.1\jackson-datatype-jsr310-2.18.1.jar;K:\Tool\apache-maven-3.9.9\repo\com\fasterxml\jackson\core\jackson-annotations\2.18.1\jackson-annotations-2.18.1.jar;K:\Tool\apache-maven-3.9.9\repo\com\fasterxml\jackson\core\jackson-core\2.18.1\jackson-core-2.18.1.jar;K:\Tool\apache-maven-3.9.9\repo\com\fasterxml\jackson\core\jackson-databind\2.18.1\jackson-databind-2.18.1.jar;K:\Tool\apache-maven-3.9.9\repo\com\auth0\java-jwt\4.4.0\java-jwt-4.4.0.jar;K:\Tool\apache-maven-3.9.9\repo\com\baomidou\mybatis-plus-spring-boot3-starter\3.5.9\mybatis-plus-spring-boot3-starter-3.5.9.jar;K:\Tool\apache-maven-3.9.9\repo\com\baomidou\mybatis-plus\3.5.9\mybatis-plus-3.5.9.jar;K:\Tool\apache-maven-3.9.9\repo\com\baomidou\mybatis-plus-core\3.5.9\mybatis-plus-core-3.5.9.jar;K:\Tool\apache-maven-3.9.9\repo\com\baomidou\mybatis-plus-annotation\3.5.9\mybatis-plus-annotation-3.5.9.jar;K:\Tool\apache-maven-3.9.9\repo\com\baomidou\mybatis-plus-spring\3.5.9\mybatis-plus-spring-3.5.9.jar;K:\Tool\apache-maven-3.9.9\repo\com\baomidou\mybatis-plus-extension\3.5.9\mybatis-plus-extension-3.5.9.jar;K:\Tool\apache-maven-3.9.9\repo\org\mybatis\mybatis\3.5.16\mybatis-3.5.16.jar;K:\Tool\apache-maven-3.9.9\repo\org\mybatis\mybatis-spring\3.0.4\mybatis-spring-3.0.4.jar;K:\Tool\apache-maven-3.9.9\repo\com\baomidou\mybatis-plus-spring-boot-autoconfigure\3.5.9\mybatis-plus-spring-boot-autoconfigure-3.5.9.jar;K:\Tool\apache-maven-3.9.9\repo\org\springframework\boot\spring-boot-autoconfigure\3.4.0\spring-boot-autoconfigure-3.4.0.jar;K:\Tool\apache-maven-3.9.9\repo\org\springframework\boot\spring-boot-starter-jdbc\3.4.0\spring-boot-starter-jdbc-3.4.0.jar;K:\Tool\apache-maven-3.9.9\repo\com\zaxxer\HikariCP\5.1.0\HikariCP-5.1.0.jar;K:\Tool\apache-maven-3.9.9\repo\org\springframework\spring-jdbc\6.2.0\spring-jdbc-6.2.0.jar;K:\Tool\apache-maven-3.9.9\repo\org\springframework\boot\spring-boot-starter-web\3.4.0\spring-boot-starter-web-3.4.0.jar;K:\Tool\apache-maven-3.9.9\repo\org\springframework\boot\spring-boot-starter-json\3.4.0\spring-boot-starter-json-3.4.0.jar;K:\Tool\apache-maven-3.9.9\repo\com\fasterxml\jackson\datatype\jackson-datatype-jdk8\2.18.1\jackson-datatype-jdk8-2.18.1.jar;K:\Tool\apache-maven-3.9.9\repo\com\fasterxml\jackson\module\jackson-module-parameter-names\2.18.1\jackson-module-parameter-names-2.18.1.jar;K:\Tool\apache-maven-3.9.9\repo\org\springframework\boot\spring-boot-starter-tomcat\3.4.0\spring-boot-starter-tomcat-3.4.0.jar;K:\Tool\apache-maven-3.9.9\repo\org\apache\tomcat\embed\tomcat-embed-core\10.1.33\tomcat-embed-core-10.1.33.jar;K:\Tool\apache-maven-3.9.9\repo\org\apache\tomcat\embed\tomcat-embed-el\10.1.33\tomcat-embed-el-10.1.33.jar;K:\Tool\apache-maven-3.9.9\repo\org\apache\tomcat\embed\tomcat-embed-websocket\10.1.33\tomcat-embed-websocket-10.1.33.jar;K:\Tool\apache-maven-3.9.9\repo\org\springframework\spring-web\6.2.0\spring-web-6.2.0.jar;K:\Tool\apache-maven-3.9.9\repo\org\springframework\spring-webmvc\6.2.0\spring-webmvc-6.2.0.jar;K:\Tool\apache-maven-3.9.9\repo\org\springframework\spring-aop\6.2.0\spring-aop-6.2.0.jar;K:\Tool\apache-maven-3.9.9\repo\org\springframework\spring-expression\6.2.0\spring-expression-6.2.0.jar;K:\Tool\apache-maven-3.9.9\repo\org\springframework\boot\spring-boot-devtools\3.4.0\spring-boot-devtools-3.4.0.jar;K:\Tool\apache-maven-3.9.9\repo\org\springframework\boot\spring-boot\3.4.0\spring-boot-3.4.0.jar;K:\Tool\apache-maven-3.9.9\repo\com\mysql\mysql-connector-j\9.1.0\mysql-connector-j-9.1.0.jar;K:\Tool\apache-maven-3.9.9\repo\org\projectlombok\lombok\1.18.36\lombok-1.18.36.jar;K:\Tool\apache-maven-3.9.9\repo\org\springframework\boot\spring-boot-starter-test\3.4.0\spring-boot-starter-test-3.4.0.jar;K:\Tool\apache-maven-3.9.9\repo\org\springframework\boot\spring-boot-test\3.4.0\spring-boot-test-3.4.0.jar;K:\Tool\apache-maven-3.9.9\repo\org\springframework\boot\spring-boot-test-autoconfigure\3.4.0\spring-boot-test-autoconfigure-3.4.0.jar;K:\Tool\apache-maven-3.9.9\repo\com\jayway\jsonpath\json-path\2.9.0\json-path-2.9.0.jar;K:\Tool\apache-maven-3.9.9\repo\jakarta\xml\bind\jakarta.xml.bind-api\4.0.2\jakarta.xml.bind-api-4.0.2.jar;K:\Tool\apache-maven-3.9.9\repo\net\minidev\json-smart\2.5.1\json-smart-2.5.1.jar;K:\Tool\apache-maven-3.9.9\repo\net\minidev\accessors-smart\2.5.1\accessors-smart-2.5.1.jar;K:\Tool\apache-maven-3.9.9\repo\org\ow2\asm\asm\9.6\asm-9.6.jar;K:\Tool\apache-maven-3.9.9\repo\org\assertj\assertj-core\3.26.3\assertj-core-3.26.3.jar;K:\Tool\apache-maven-3.9.9\repo\org\awaitility\awaitility\4.2.2\awaitility-4.2.2.jar;K:\Tool\apache-maven-3.9.9\repo\org\hamcrest\hamcrest\2.2\hamcrest-2.2.jar;K:\Tool\apache-maven-3.9.9\repo\org\junit\jupiter\junit-jupiter\5.11.3\junit-jupiter-5.11.3.jar;K:\Tool\apache-maven-3.9.9\repo\org\junit\jupiter\junit-jupiter-api\5.11.3\junit-jupiter-api-5.11.3.jar;K:\Tool\apache-maven-3.9.9\repo\org\opentest4j\opentest4j\1.3.0\opentest4j-1.3.0.jar;K:\Tool\apache-maven-3.9.9\repo\org\junit\platform\junit-platform-commons\1.11.3\junit-platform-commons-1.11.3.jar;K:\Tool\apache-maven-3.9.9\repo\org\apiguardian\apiguardian-api\1.1.2\apiguardian-api-1.1.2.jar;K:\Tool\apache-maven-3.9.9\repo\org\junit\jupiter\junit-jupiter-params\5.11.3\junit-jupiter-params-5.11.3.jar;K:\Tool\apache-maven-3.9.9\repo\org\junit\jupiter\junit-jupiter-engine\5.11.3\junit-jupiter-engine-5.11.3.jar;K:\Tool\apache-maven-3.9.9\repo\org\junit\platform\junit-platform-engine\1.11.3\junit-platform-engine-1.11.3.jar;K:\Tool\apache-maven-3.9.9\repo\org\mockito\mockito-core\5.14.2\mockito-core-5.14.2.jar;K:\Tool\apache-maven-3.9.9\repo\net\bytebuddy\byte-buddy-agent\1.15.10\byte-buddy-agent-1.15.10.jar;K:\Tool\apache-maven-3.9.9\repo\org\objenesis\objenesis\3.3\objenesis-3.3.jar;K:\Tool\apache-maven-3.9.9\repo\org\mockito\mockito-junit-jupiter\5.14.2\mockito-junit-jupiter-5.14.2.jar;K:\Tool\apache-maven-3.9.9\repo\org\skyscreamer\jsonassert\1.5.3\jsonassert-1.5.3.jar;K:\Tool\apache-maven-3.9.9\repo\com\vaadin\external\google\android-json\0.0.20131108.vaadin1\android-json-0.0.20131108.vaadin1.jar;K:\Tool\apache-maven-3.9.9\repo\org\springframework\spring-core\6.2.0\spring-core-6.2.0.jar;K:\Tool\apache-maven-3.9.9\repo\org\springframework\spring-jcl\6.2.0\spring-jcl-6.2.0.jar;K:\Tool\apache-maven-3.9.9\repo\org\springframework\spring-test\6.2.0\spring-test-6.2.0.jar;K:\Tool\apache-maven-3.9.9\repo\org\xmlunit\xmlunit-core\2.10.0\xmlunit-core-2.10.0.jar;K:\Tool\apache-maven-3.9.9\repo\org\springframework\boot\spring-boot-starter-actuator\3.4.0\spring-boot-starter-actuator-3.4.0.jar;K:\Tool\apache-maven-3.9.9\repo\org\springframework\boot\spring-boot-actuator-autoconfigure\3.4.0\spring-boot-actuator-autoconfigure-3.4.0.jar;K:\Tool\apache-maven-3.9.9\repo\org\springframework\boot\spring-boot-actuator\3.4.0\spring-boot-actuator-3.4.0.jar;K:\Tool\apache-maven-3.9.9\repo\io\micrometer\micrometer-observation\1.14.1\micrometer-observation-1.14.1.jar;K:\Tool\apache-maven-3.9.9\repo\io\micrometer\micrometer-commons\1.14.1\micrometer-commons-1.14.1.jar;K:\Tool\apache-maven-3.9.9\repo\io\micrometer\micrometer-jakarta9\1.14.1\micrometer-jakarta9-1.14.1.jar;K:\Tool\apache-maven-3.9.9\repo\io\micrometer\micrometer-core\1.14.1\micrometer-core-1.14.1.jar;K:\Tool\apache-maven-3.9.9\repo\org\hdrhistogram\HdrHistogram\2.2.2\HdrHistogram-2.2.2.jar;K:\Tool\apache-maven-3.9.9\repo\org\latencyutils\LatencyUtils\2.0.3\LatencyUtils-2.0.3.jar;"/>
    <property name="sun.cpu.endian" value="little"/>
    <property name="user.home" value="C:\Users\Leon"/>
    <property name="user.language" value="zh"/>
    <property name="java.specification.vendor" value="Oracle Corporation"/>
    <property name="java.version.date" value="2025-01-21"/>
    <property name="java.home" value="K:\Tool\JDK\JDK21"/>
    <property name="file.separator" value="\"/>
    <property name="basedir" value="K:\codes\video-platform-backend"/>
    <property name="java.vm.compressedOopsMode" value="Zero based"/>
    <property name="line.separator" value="&#10;"/>
    <property name="java.vm.specification.vendor" value="Oracle Corporation"/>
    <property name="java.specification.name" value="Java Platform API Specification"/>
    <property name="FILE_LOG_CHARSET" value="UTF-8"/>
    <property name="java.awt.headless" value="true"/>
    <property name="surefire.real.class.path" value="C:\Users\Leon\AppData\Local\Temp\surefire5252132323440530475\surefirebooter5406251252693319944.jar"/>
    <property name="user.script" value=""/>
    <property name="sun.management.compiler" value="HotSpot 64-Bit Tiered Compilers"/>
    <property name="java.runtime.version" value="21.0.6+7-LTS"/>
    <property name="user.name" value="Leon"/>
    <property name="stdout.encoding" value="GBK"/>
    <property name="path.separator" value=";"/>
    <property name="os.version" value="10.0"/>
    <property name="java.runtime.name" value="OpenJDK Runtime Environment"/>
    <property name="file.encoding" value="UTF-8"/>
    <property name="java.vm.name" value="OpenJDK 64-Bit Server VM"/>
    <property name="java.vendor.version" value="Corretto-21.0.6.7.1"/>
    <property name="localRepository" value="K:\Tool\apache-maven-3.9.9\repo"/>
    <property name="java.vendor.url.bug" value="https://github.com/corretto/corretto-21/issues/"/>
    <property name="java.io.tmpdir" value="C:\Users\Leon\AppData\Local\Temp\"/>
    <property name="idea.version" value="2024.1.7"/>
    <property name="java.version" value="21.0.6"/>
    <property name="user.dir" value="K:\codes\video-platform-backend"/>
    <property name="os.arch" value="amd64"/>
    <property name="java.vm.specification.name" value="Java Virtual Machine Specification"/>
    <property name="PID" value="18540"/>
    <property name="sun.os.patch.level" value=""/>
    <property name="CONSOLE_LOG_CHARSET" value="UTF-8"/>
    <property name="native.encoding" value="GBK"/>
    <property name="java.library.path" value="K:\Tool\JDK\JDK21\bin;C:\Windows\Sun\Java\bin;C:\Windows\system32;C:\Windows;C:\Python313\Scripts\;C:\Python313\;C:\Windows\system32;C:\Windows;C:\Windows\System32\Wbem;C:\Windows\System32\WindowsPowerShell\v1.0\;C:\Windows\System32\OpenSSH\;C:\Program Files\NVIDIA Corporation\NVIDIA app\NvDLISR;C:\Program Files (x86)\NVIDIA Corporation\PhysX\Common;K:\Tool\Git\cmd;K:\Tool\nodejs\;C:\ProgramData\chocolatey\bin;C:\Users\Leon\AppData\Local\Microsoft\WindowsApps;K:\Tool\IntelliJ IDEA 2024.1.7\bin;;K:\Tool\WebStorm 2024.3.3\bin;;C:\Users\Leon\AppData\Roaming\npm;K:\Tool\ffmpeg\bin;."/>
    <property name="java.vm.info" value="mixed mode, sharing"/>
    <property name="stderr.encoding" value="GBK"/>
    <property name="java.vendor" value="Amazon.com Inc."/>
    <property name="java.vm.version" value="21.0.6+7-LTS"/>
    <property name="sun.io.unicode.encoding" value="UnicodeLittle"/>
    <property name="maven.repo.local" value="K:\Tool\apache-maven-3.9.9\repo"/>
    <property name="java.class.version" value="65.0"/>
    <property name="LOGGED_APPLICATION_NAME" value="[video-platform-backend] "/>
  </properties>
  <testcase name="contextLoads" classname="com.yl.videoplatformbackend.VideoPlatformBackendApplicationTests" time="0.337">
    <system-out><![CDATA[01:26:45.762 [main] INFO org.springframework.test.context.support.AnnotationConfigContextLoaderUtils -- Could not detect default configuration classes for test class [com.yl.videoplatformbackend.VideoPlatformBackendApplicationTests]: VideoPlatformBackendApplicationTests does not declare any static, non-private, non-final, nested classes annotated with @Configuration.
01:26:45.835 [main] INFO org.springframework.boot.test.context.SpringBootTestContextBootstrapper -- Found @SpringBootConfiguration com.yl.videoplatformbackend.VideoPlatformBackendApplication for test class com.yl.videoplatformbackend.VideoPlatformBackendApplicationTests
01:26:45.937 [main] INFO org.springframework.boot.devtools.restart.RestartApplicationListener -- Restart disabled due to context in which it is running

  .   ____          _            __ _ _
 /\\ / ___'_ __ _ _(_)_ __  __ _ \ \ \ \
( ( )\___ | '_ | '_| | '_ \/ _` | \ \ \ \
 \\/  ___)| |_)| | | | | || (_| |  ) ) ) )
  '  |____| .__|_| |_|_| |_\__, | / / / /
 =========|_|==============|___/=/_/_/_/

 :: Spring Boot ::                (v3.4.0)

2025-03-12T01:26:46.138+08:00  INFO 18540 --- [video-platform-backend] [           main] y.v.VideoPlatformBackendApplicationTests : Starting VideoPlatformBackendApplicationTests using Java 21.0.6 with PID 18540 (started by Leon in K:\codes\video-platform-backend)
2025-03-12T01:26:46.139+08:00  INFO 18540 --- [video-platform-backend] [           main] y.v.VideoPlatformBackendApplicationTests : No active profile set, falling back to 1 default profile: "default"
2025-03-12T01:26:46.713+08:00  INFO 18540 --- [video-platform-backend] [           main] .s.d.r.c.RepositoryConfigurationDelegate : Multiple Spring Data modules found, entering strict repository configuration mode
2025-03-12T01:26:46.715+08:00  INFO 18540 --- [video-platform-backend] [           main] .s.d.r.c.RepositoryConfigurationDelegate : Bootstrapping Spring Data Redis repositories in DEFAULT mode.
2025-03-12T01:26:46.734+08:00  INFO 18540 --- [video-platform-backend] [           main] .s.d.r.c.RepositoryConfigurationDelegate : Finished Spring Data repository scanning in 11 ms. Found 0 Redis repository interfaces.
2025-03-12T01:26:46.787+08:00  INFO 18540 --- [video-platform-backend] [           main] .i.s.PathMatchingResourcePatternResolver : Skipping search for files matching pattern [**/*.class]: directory [K:\codes\video-platform-backend\target\test-classes\com\yl\videoplatformbackend\mapper] does not exist
 _ _   |_  _ _|_. ___ _ |    _ 
| | |\/|_)(_| | |_\  |_)||_|_\ 
     /               |         
                        3.5.9 
2025-03-12T01:26:47.481+08:00  INFO 18540 --- [video-platform-backend] [           main] org.redisson.Version                     : Redisson 3.40.0
2025-03-12T01:26:47.805+08:00  INFO 18540 --- [video-platform-backend] [isson-netty-1-6] o.redisson.connection.ConnectionsHolder  : 1 connections initialized for 117.72.70.116/117.72.70.116:6379
2025-03-12T01:26:49.670+08:00  INFO 18540 --- [video-platform-backend] [sson-netty-1-19] o.redisson.connection.ConnectionsHolder  : 24 connections initialized for 117.72.70.116/117.72.70.116:6379
2025-03-12T01:26:50.346+08:00  INFO 18540 --- [video-platform-backend] [           main] o.s.b.a.e.web.EndpointLinksResolver      : Exposing 1 endpoint beneath base path '/actuator'
2025-03-12T01:26:50.395+08:00  INFO 18540 --- [video-platform-backend] [           main] y.v.VideoPlatformBackendApplicationTests : Started VideoPlatformBackendApplicationTests in 4.466 seconds (process running for 5.22)
]]></system-out>
  </testcase>
</testsuite>